2026-01-08 22:19:06,444 - INFO - 
============================================================
2026-01-08 22:19:06,447 - INFO - ============================================================
2026-01-08 22:19:06,447 - INFO - 
1. Abre Instagram en otra pestańa
2026-01-08 22:19:06,449 - INFO - 3. Ejecuta el bookmarklet 'Enhanced Instagram Unfollowers'
2026-01-08 22:19:06,449 - INFO - 4. El script continuará automáticamente

2026-01-08 22:21:06,749 - INFO - Navegador cerrado
2026-01-08 22:21:06,749 - INFO - 
============================================================
2026-01-08 22:21:06,751 - INFO - ============================================================
2026-01-08 22:21:06,751 - INFO - Páginas: 0
2026-01-08 22:21:06,752 - INFO - Total: 0
2026-01-08 22:21:06,755 - INFO - ============================================================

2026-01-08 22:22:18,638 - INFO - 
============================================================
2026-01-08 22:22:18,641 - INFO - ============================================================
2026-01-08 22:22:18,642 - INFO - 
1. Abre Instagram en otra pestańa
2026-01-08 22:22:18,644 - INFO - 3. Ejecuta el bookmarklet 'Enhanced Instagram Unfollowers'
2026-01-08 22:22:18,644 - INFO - 4. El script continuará automáticamente

2026-01-08 22:23:04,902 - INFO - 
============================================================
2026-01-08 22:23:04,904 - INFO - ============================================================
2026-01-08 22:23:05,038 - ERROR - Error: Logger._log() got an unexpected keyword argument 'end'
2026-01-08 22:23:05,321 - INFO - Navegador cerrado
2026-01-08 22:23:05,321 - INFO - 
============================================================
2026-01-08 22:23:05,323 - INFO - ============================================================
2026-01-08 22:23:05,323 - INFO - Páginas: 1
2026-01-08 22:23:05,324 - INFO - Total: 1
2026-01-08 22:23:05,327 - INFO - ============================================================

2026-01-08 22:25:42,133 - INFO - 
============================================================
2026-01-08 22:25:42,136 - INFO - ============================================================
2026-01-08 22:25:42,136 - INFO - 
EN LA MISMA VENTANA DE CHROME:
2026-01-08 22:25:42,137 - INFO - 2. Ejecuta el bookmarklet 'Enhanced Instagram Unfollowers'
2026-01-08 22:25:42,137 - INFO - 3. El script continuará automáticamente

2026-01-08 22:26:24,598 - INFO - 
============================================================
2026-01-08 22:26:24,600 - INFO - ============================================================
2026-01-08 22:26:24,706 - ERROR - Error: Logger._log() got an unexpected keyword argument 'end'
2026-01-08 22:26:25,022 - INFO - Navegador cerrado
2026-01-08 22:26:25,023 - INFO - 
============================================================
2026-01-08 22:26:25,024 - INFO - ============================================================
2026-01-08 22:26:25,024 - INFO - Páginas: 1
2026-01-08 22:26:25,024 - INFO - Total: 1
2026-01-08 22:26:25,027 - INFO - ============================================================

2026-01-08 22:28:34,214 - INFO - [OK] Navegador iniciado
2026-01-08 22:28:37,515 - INFO - 
============================================================
2026-01-08 22:28:37,515 - INFO - [ESPERANDO] BOOKMARKLET...
2026-01-08 22:28:37,515 - INFO - ============================================================
2026-01-08 22:28:37,516 - INFO - 
EN LA MISMA VENTANA DE CHROME:
2026-01-08 22:28:37,516 - INFO - 1. Ve a tu Perfil -> Siguiendo
2026-01-08 22:28:37,516 - INFO - 2. Ejecuta el bookmarklet 'Enhanced Instagram Unfollowers'
2026-01-08 22:28:37,516 - INFO - 3. El script continuara automaticamente

2026-01-08 22:29:09,098 - INFO - [OK] Bookmarklet detectado!

2026-01-08 22:29:10,399 - INFO - 
============================================================
2026-01-08 22:29:10,400 - INFO - [PAGINA 1]
2026-01-08 22:29:10,400 - INFO - ============================================================
2026-01-08 22:29:10,505 - INFO - [OK] 16 usuarios encontrados
2026-01-08 22:29:12,695 - WARNING - [SKIP] @_iouipglez
2026-01-08 22:29:18,512 - WARNING - [SKIP] @_s3ergi
2026-01-08 22:29:24,927 - WARNING - [SKIP] @albaa.gd_
2026-01-08 22:29:29,429 - WARNING - [SKIP] @anclerz
2026-01-08 22:29:34,493 - WARNING - [SKIP] @bertavives5
2026-01-08 22:29:38,787 - WARNING - [SKIP] @carlosdiaz200
2026-01-08 22:29:43,871 - WARNING - [SKIP] @ccrisruizz
2026-01-08 22:29:48,179 - WARNING - [SKIP] @celiasaturnino
2026-01-08 22:29:51,256 - WARNING - [SKIP] @criistiann.fc
2026-01-08 22:29:56,996 - WARNING - [SKIP] @eliizaabeeth25_
2026-01-08 22:33:23,332 - INFO - [OK] Navegador iniciado
2026-01-08 22:33:25,291 - INFO - 
============================================================
2026-01-08 22:33:25,291 - INFO - [ESPERANDO] BOOKMARKLET...
2026-01-08 22:33:25,291 - INFO - ============================================================
2026-01-08 22:33:25,291 - INFO - 
EN LA MISMA VENTANA DE CHROME:
2026-01-08 22:33:25,291 - INFO - 1. Ve a tu Perfil -> Siguiendo
2026-01-08 22:33:25,291 - INFO - 2. Ejecuta el bookmarklet 'Enhanced Instagram Unfollowers'
2026-01-08 22:33:25,291 - INFO - 3. El script continuara automaticamente

2026-01-08 22:34:03,122 - INFO - [OK] Bookmarklet detectado!
2026-01-08 22:34:03,122 - INFO - [LOADING] Esperando a que termine de cargar usuarios...
2026-01-08 22:34:07,204 - INFO - [PROGRESS] Cargando... 5%
2026-01-08 22:34:29,597 - INFO - [PROGRESS] Cargando... 15%
2026-01-08 22:34:44,856 - INFO - [PROGRESS] Cargando... 20%
2026-01-08 22:34:49,954 - INFO - [PROGRESS] Cargando... 25%
2026-01-08 22:34:50,970 - INFO - [PROGRESS] Cargando... 25%
2026-01-08 22:34:51,988 - INFO - [PROGRESS] Cargando... 25%
2026-01-08 22:34:53,006 - INFO - [PROGRESS] Cargando... 25%
2026-01-08 22:34:54,022 - INFO - [PROGRESS] Cargando... 25%
2026-01-08 22:34:55,044 - INFO - [PROGRESS] Cargando... 25%
2026-01-08 22:34:56,067 - INFO - [PROGRESS] Cargando... 25%
2026-01-08 22:34:57,083 - INFO - [PROGRESS] Cargando... 25%
2026-01-08 22:34:58,103 - INFO - [PROGRESS] Cargando... 25%
2026-01-08 22:34:59,119 - INFO - [PROGRESS] Cargando... 25%
2026-01-08 22:35:00,141 - INFO - [PROGRESS] Cargando... 25%
2026-01-08 22:35:01,156 - INFO - [PROGRESS] Cargando... 25%
2026-01-08 22:35:06,253 - INFO - [PROGRESS] Cargando... 30%
2026-01-08 22:35:27,639 - INFO - [PROGRESS] Cargando... 35%
2026-01-08 22:35:32,736 - INFO - [PROGRESS] Cargando... 40%
2026-01-08 22:35:48,004 - INFO - [PROGRESS] Cargando... 45%
2026-01-08 22:36:12,431 - INFO - [PROGRESS] Cargando... 55%
2026-01-08 22:36:27,698 - INFO - [PROGRESS] Cargando... 60%
2026-01-08 22:36:32,799 - INFO - [PROGRESS] Cargando... 65%
2026-01-08 22:36:33,821 - INFO - [PROGRESS] Cargando... 65%
2026-01-08 22:37:05,338 - INFO - [PROGRESS] Cargando... 75%
2026-01-08 22:37:06,352 - INFO - [PROGRESS] Cargando... 75%
2026-01-08 22:37:10,423 - INFO - [PROGRESS] Cargando... 80%
2026-01-08 22:37:11,442 - INFO - [PROGRESS] Cargando... 80%
2026-01-08 22:37:26,735 - INFO - [PROGRESS] Cargando... 85%
2026-01-08 22:37:32,836 - INFO - [PROGRESS] Cargando... 90%
2026-01-08 22:37:33,854 - INFO - [PROGRESS] Cargando... 90%
2026-01-08 22:37:34,874 - INFO - [PROGRESS] Cargando... 90%
2026-01-08 22:37:35,892 - INFO - [PROGRESS] Cargando... 90%
2026-01-08 22:37:36,911 - INFO - [PROGRESS] Cargando... 90%
2026-01-08 22:37:37,930 - INFO - [PROGRESS] Cargando... 90%
2026-01-08 22:37:38,951 - INFO - [PROGRESS] Cargando... 90%
2026-01-08 22:37:39,971 - INFO - [PROGRESS] Cargando... 90%
2026-01-08 22:37:40,990 - INFO - [PROGRESS] Cargando... 90%
2026-01-08 22:37:42,009 - INFO - [PROGRESS] Cargando... 90%
2026-01-08 22:37:43,029 - INFO - [PROGRESS] Cargando... 90%
2026-01-08 22:37:52,202 - INFO - [PROGRESS] Cargando... 95%
2026-01-08 22:37:52,202 - INFO - [OK] Carga completa! Iniciando desfollow...

2026-01-08 22:37:53,563 - INFO - 
============================================================
2026-01-08 22:37:53,563 - INFO - [PAGINA 1]
2026-01-08 22:37:53,563 - INFO - ============================================================
2026-01-08 22:37:53,655 - INFO - [OK] 16 usuarios encontrados
2026-01-08 22:37:56,835 - WARNING - [SKIP] @00xluc
2026-01-08 22:38:00,513 - WARNING - [SKIP] @204spirit
2026-01-08 22:38:05,148 - WARNING - [SKIP] @22xiyo
2026-01-08 22:38:10,074 - WARNING - [SKIP] @4lmugz
2026-01-08 22:38:15,053 - WARNING - [SKIP] @4mddee
2026-01-08 22:38:19,367 - WARNING - [SKIP] @8belial
2026-01-08 22:38:23,904 - WARNING - [SKIP] @96dessire
2026-01-08 22:41:45,027 - INFO - [OK] Navegador iniciado
2026-01-08 22:41:48,039 - INFO - 
============================================================
2026-01-08 22:41:48,040 - INFO - [ESPERANDO] BOOKMARKLET...
2026-01-08 22:41:48,041 - INFO - ============================================================
2026-01-08 22:41:48,042 - INFO - 
EN LA MISMA VENTANA DE CHROME:
2026-01-08 22:41:48,042 - INFO - 1. Ve a tu Perfil -> Siguiendo
2026-01-08 22:41:48,042 - INFO - 2. Ejecuta el bookmarklet 'Enhanced Instagram Unfollowers'
2026-01-08 22:41:48,042 - INFO - 3. El script continuara automaticamente

2026-01-08 22:43:01,951 - INFO - [OK] Bookmarklet detectado!
2026-01-08 22:43:01,951 - INFO - [LOADING] Esperando a que termine de cargar usuarios...
2026-01-08 22:44:29,147 - ERROR - [ERROR] Timeout - Bookmarklet no detectado en 3 minutos
2026-01-08 22:44:29,158 - INFO - Navegador ya estaba cerrado
2026-01-08 22:44:29,159 - INFO - 
============================================================
2026-01-08 22:44:29,159 - INFO - [ESTADISTICAS]
2026-01-08 22:44:29,159 - INFO - ============================================================
2026-01-08 22:44:29,162 - INFO - Paginas procesadas: 0
2026-01-08 22:44:29,162 - INFO - Total usuarios: 0
2026-01-08 22:44:29,163 - INFO - Desfollowados: 0
2026-01-08 22:44:29,163 - INFO - Fallos: 0
2026-01-08 22:44:29,163 - INFO - ============================================================

2026-01-08 22:44:33,892 - INFO - [OK] Navegador iniciado
2026-01-08 22:44:35,609 - INFO - 
============================================================
2026-01-08 22:44:35,609 - INFO - [ESPERANDO] BOOKMARKLET...
2026-01-08 22:44:35,609 - INFO - ============================================================
2026-01-08 22:44:35,609 - INFO - 
EN LA MISMA VENTANA DE CHROME:
2026-01-08 22:44:35,609 - INFO - 1. Ve a tu Perfil -> Siguiendo
2026-01-08 22:44:35,609 - INFO - 2. Ejecuta el bookmarklet 'Enhanced Instagram Unfollowers'
2026-01-08 22:44:35,610 - INFO - 3. El script continuara automaticamente

2026-01-08 22:45:42,657 - INFO - [OK] Bookmarklet detectado!
2026-01-08 22:45:42,657 - INFO - [LOADING] Esperando a que termine de cargar usuarios...
2026-01-08 22:45:46,782 - INFO - [PROGRESS] Cargando... 5%
2026-01-08 22:46:09,201 - INFO - [PROGRESS] Cargando... 15%
2026-01-08 22:46:25,508 - INFO - [PROGRESS] Cargando... 20%
2026-01-08 22:46:30,599 - INFO - [PROGRESS] Cargando... 25%
2026-01-08 22:46:45,895 - INFO - [PROGRESS] Cargando... 30%
2026-01-08 22:47:03,209 - INFO - [PROGRESS] Cargando... 35%
2026-01-08 22:47:08,316 - INFO - [PROGRESS] Cargando... 40%
2026-01-08 22:47:23,596 - INFO - [PROGRESS] Cargando... 45%
2026-01-08 22:47:46,008 - INFO - [PROGRESS] Cargando... 55%
2026-01-08 22:48:02,295 - INFO - [PROGRESS] Cargando... 60%
2026-01-08 22:48:07,384 - INFO - [PROGRESS] Cargando... 65%
2026-01-08 22:48:39,949 - INFO - [PROGRESS] Cargando... 75%
2026-01-08 22:48:46,064 - INFO - [PROGRESS] Cargando... 80%
2026-01-08 22:49:01,350 - INFO - [PROGRESS] Cargando... 85%
2026-01-08 22:49:08,493 - INFO - [PROGRESS] Cargando... 90%
2026-01-08 22:49:27,849 - INFO - [PROGRESS] Cargando... 95%
2026-01-08 22:49:27,849 - INFO - [OK] Carga completa! Iniciando desfollow...

2026-01-08 22:49:29,693 - INFO - 
============================================================
2026-01-08 22:49:29,693 - INFO - [PAGINA 1]
2026-01-08 22:49:29,693 - INFO - ============================================================
2026-01-08 22:49:29,788 - INFO - [OK] 16 usuarios encontrados
2026-01-08 22:49:36,726 - INFO - [OK] @00xluc
2026-01-08 22:49:44,566 - INFO - [OK] @204spirit
2026-01-08 22:49:53,982 - INFO - [OK] @4lmugz
2026-01-08 22:50:02,567 - INFO - [OK] @4mddee
2026-01-08 22:50:06,977 - INFO - Navegador ya estaba cerrado
2026-01-08 22:50:06,979 - INFO - 
============================================================
2026-01-08 22:50:06,983 - INFO - [ESTADISTICAS]
2026-01-08 22:50:06,983 - INFO - ============================================================
2026-01-08 22:50:06,984 - INFO - Paginas procesadas: 1
2026-01-08 22:50:06,984 - INFO - Total usuarios: 5
2026-01-08 22:50:06,984 - INFO - Desfollowados: 4
2026-01-08 22:50:06,984 - INFO - Fallos: 0
2026-01-08 22:50:06,984 - INFO - ============================================================

2026-01-08 22:56:56,608 - INFO - [OK] Navegador iniciado
2026-01-08 22:56:58,432 - INFO - 
============================================================
2026-01-08 22:56:58,432 - INFO - [ESPERANDO] BOOKMARKLET...
2026-01-08 22:56:58,433 - INFO - ============================================================
2026-01-08 22:56:58,433 - INFO - 
EN LA MISMA VENTANA DE CHROME:
2026-01-08 22:56:58,433 - INFO - 1. Ve a tu Perfil -> Siguiendo
2026-01-08 22:56:58,433 - INFO - 2. Ejecuta el bookmarklet 'Enhanced Instagram Unfollowers'
2026-01-08 22:56:58,433 - INFO - 3. El script continuara automaticamente

2026-01-08 22:57:23,902 - INFO - [OK] Bookmarklet detectado!
2026-01-08 22:57:25,601 - INFO - [OK] Cuenta pequena detectada (sin progressbar). Iniciando desfollow...

2026-01-08 22:57:25,601 - INFO - 
============================================================
2026-01-08 22:57:25,601 - INFO - [PAGINA 1]
2026-01-08 22:57:25,601 - INFO - ============================================================
2026-01-08 22:57:25,670 - INFO - [OK] 8 usuarios encontrados
2026-01-08 22:57:35,118 - WARNING - [SKIP] @ballerleagueusa - No cambio a 'Seguir'
2026-01-08 22:57:44,781 - WARNING - [SKIP] @carabin3_ - No cambio a 'Seguir'
2026-01-08 22:57:54,808 - WARNING - [SKIP] @darenramirez - No cambio a 'Seguir'
2026-01-08 22:58:06,191 - WARNING - [SKIP] @drinkomode - No cambio a 'Seguir'
2026-01-08 22:58:15,044 - WARNING - [SKIP] @geezydee24k - No cambio a 'Seguir'
2026-01-08 22:58:25,162 - WARNING - [SKIP] @kennydie777 - No cambio a 'Seguir'
2026-01-08 22:58:34,721 - WARNING - [SKIP] @nataliaeslamejorl - No cambio a 'Seguir'
2026-01-08 22:58:45,780 - WARNING - [SKIP] @willitooo_ - No cambio a 'Seguir'
2026-01-08 22:58:47,151 - INFO - 
2026-01-08 22:58:51,724 - INFO - [NEXT] Siguiente pagina
2026-01-08 22:58:51,724 - INFO - 
============================================================
2026-01-08 22:58:51,724 - INFO - [PAGINA 2]
2026-01-08 22:58:51,724 - INFO - ============================================================
2026-01-08 22:58:51,839 - INFO - [OK] 8 usuarios encontrados
2026-01-08 22:58:53,993 - WARNING - [SKIP] @ballerleagueusa
2026-01-08 22:58:57,911 - WARNING - [SKIP] @carabin3_
2026-01-08 22:59:02,269 - WARNING - [SKIP] @darenramirez
2026-01-08 22:59:06,328 - WARNING - [SKIP] @drinkomode
2026-01-08 22:59:11,496 - WARNING - [SKIP] @geezydee24k
2026-01-08 22:59:16,094 - WARNING - [SKIP] @kennydie777
2026-01-08 22:59:19,410 - WARNING - [SKIP] @nataliaeslamejorl
2026-01-08 22:59:23,491 - WARNING - [SKIP] @willitooo_
2026-01-08 22:59:26,340 - INFO - 
2026-01-08 22:59:30,992 - INFO - [NEXT] Siguiente pagina
2026-01-08 22:59:30,992 - INFO - 
============================================================
2026-01-08 22:59:30,992 - INFO - [PAGINA 3]
2026-01-08 22:59:30,992 - INFO - ============================================================
2026-01-08 22:59:31,045 - INFO - [OK] 8 usuarios encontrados
2026-01-08 22:59:34,323 - WARNING - [SKIP] @ballerleagueusa
2026-01-08 22:59:39,951 - ERROR - [FAIL] @carabin3_
2026-01-08 22:59:41,018 - INFO - Navegador ya estaba cerrado
2026-01-08 22:59:41,019 - INFO - 
============================================================
2026-01-08 22:59:41,019 - INFO - [ESTADISTICAS]
2026-01-08 22:59:41,021 - INFO - ============================================================
2026-01-08 22:59:41,022 - INFO - Paginas procesadas: 3
2026-01-08 22:59:41,022 - INFO - Total usuarios: 18
2026-01-08 22:59:41,022 - INFO - Desfollowados: 0
2026-01-08 22:59:41,022 - INFO - Fallos: 18
2026-01-08 22:59:41,022 - INFO - ============================================================

2026-01-08 23:01:59,536 - INFO - [OK] Navegador iniciado
2026-01-08 23:02:01,774 - INFO - 
============================================================
2026-01-08 23:02:01,774 - INFO - [ESPERANDO] BOOKMARKLET...
2026-01-08 23:02:01,775 - INFO - ============================================================
2026-01-08 23:02:01,775 - INFO - 
EN LA MISMA VENTANA DE CHROME:
2026-01-08 23:02:01,775 - INFO - 1. Ve a tu Perfil -> Siguiendo
2026-01-08 23:02:01,775 - INFO - 2. Ejecuta el bookmarklet 'Enhanced Instagram Unfollowers'
2026-01-08 23:02:01,775 - INFO - 3. El script continuara automaticamente

2026-01-08 23:02:48,820 - INFO - [OK] Bookmarklet detectado!
2026-01-08 23:02:51,071 - INFO - [LOADING] Esperando a que termine de cargar usuarios...
2026-01-08 23:02:53,122 - INFO - [PROGRESS] Cargando... 5%
2026-01-08 23:03:52,027 - INFO - [PROGRESS] Cargando... 15%
2026-01-08 23:04:07,297 - INFO - [PROGRESS] Cargando... 20%
2026-01-08 23:04:13,415 - INFO - [PROGRESS] Cargando... 25%
2026-01-08 23:04:28,674 - INFO - [PROGRESS] Cargando... 30%
2026-01-08 23:04:45,969 - INFO - [PROGRESS] Cargando... 35%
2026-01-08 23:04:51,068 - INFO - [PROGRESS] Cargando... 40%
2026-01-08 23:05:07,353 - INFO - [PROGRESS] Cargando... 45%
2026-01-08 23:05:29,764 - INFO - [PROGRESS] Cargando... 55%
2026-01-08 23:05:45,039 - INFO - [PROGRESS] Cargando... 60%
2026-01-08 23:05:50,123 - INFO - [PROGRESS] Cargando... 65%
2026-01-08 23:06:22,733 - INFO - [PROGRESS] Cargando... 75%
2026-01-08 23:06:27,835 - INFO - [PROGRESS] Cargando... 80%
2026-01-08 23:06:44,130 - INFO - [PROGRESS] Cargando... 85%
2026-01-08 23:06:50,251 - INFO - [PROGRESS] Cargando... 90%
2026-01-08 23:07:09,627 - INFO - [PROGRESS] Cargando... 95%
2026-01-08 23:07:09,628 - INFO - [OK] Carga completa! Iniciando desfollow...

2026-01-08 23:07:11,822 - INFO - 
============================================================
2026-01-08 23:07:11,823 - INFO - [PAGINA 1]
2026-01-08 23:07:11,823 - INFO - ============================================================
2026-01-08 23:07:11,918 - INFO - [OK] 16 usuarios encontrados
2026-01-08 23:07:19,694 - INFO - [OK] @00xluc
2026-01-08 23:07:28,322 - INFO - [OK] @204spirit
2026-01-08 23:07:37,458 - INFO - [OK] @4lmugz
2026-01-08 23:07:48,126 - INFO - [OK] @4mddee
2026-01-08 23:07:59,680 - INFO - [OK] @96dessire
2026-01-08 23:08:09,119 - INFO - [OK] @_.ayangg
2026-01-08 23:08:18,430 - INFO - [OK] @_.crlangrete._
2026-01-08 23:08:31,167 - INFO - [OK] @_.diianaa._12
2026-01-08 23:08:41,933 - INFO - [OK] @_.millan__
2026-01-08 23:08:52,839 - INFO - [OK] @_.srta_sarilla._
2026-01-08 23:09:02,529 - INFO - [OK] @__annika.a
2026-01-08 23:09:13,978 - INFO - [OK] @__guillxx
2026-01-08 23:09:25,444 - INFO - [OK] @__mxrixg
2026-01-08 23:09:37,733 - INFO - [OK] @_alba_gr
2026-01-08 23:09:47,791 - INFO - [OK] @_allius
2026-01-08 23:09:57,406 - INFO - [OK] @_b.1231_
2026-01-08 23:09:59,758 - INFO - 
2026-01-08 23:10:05,639 - INFO - [NEXT] Siguiente pagina
2026-01-08 23:10:05,640 - INFO - 
============================================================
2026-01-08 23:10:05,640 - INFO - [PAGINA 2]
2026-01-08 23:10:05,640 - INFO - ============================================================
2026-01-08 23:10:05,704 - INFO - [OK] 10 usuarios encontrados
2026-01-08 23:10:13,394 - INFO - [OK] @abrulandii
2026-01-08 23:10:24,707 - INFO - [OK] @acamposgarrido
2026-01-08 23:10:33,936 - INFO - [OK] @addrianvilla
2026-01-08 23:10:45,986 - INFO - [OK] @adeptthebest
2026-01-08 23:10:55,213 - INFO - [OK] @afriicaherrera18_
2026-01-08 23:11:05,782 - INFO - [OK] @afrimnz._
2026-01-08 23:11:15,907 - INFO - [OK] @aggusspp
2026-01-08 23:11:27,372 - INFO - [OK] @ahinaramarqueez
2026-01-08 23:11:38,929 - INFO - [OK] @aiinhoapacheco
2026-01-08 23:11:51,623 - INFO - [OK] @ainhoalenn
2026-01-08 23:11:54,726 - INFO - 
2026-01-08 23:11:59,622 - INFO - [NEXT] Siguiente pagina
2026-01-08 23:11:59,623 - INFO - 
============================================================
2026-01-08 23:11:59,623 - INFO - [PAGINA 3]
2026-01-08 23:11:59,623 - INFO - ============================================================
2026-01-08 23:11:59,733 - INFO - [OK] 16 usuarios encontrados
2026-01-08 23:12:07,005 - INFO - [OK] @ainhoaserrano02
2026-01-08 23:12:17,737 - INFO - [OK] @aixawolff
2026-01-08 23:12:28,613 - INFO - [OK] @albaa.gd_
2026-01-08 23:12:38,117 - INFO - [OK] @albafu11
2026-01-08 23:12:49,686 - INFO - [OK] @albasandin09
2026-01-08 23:13:01,002 - INFO - [OK] @albxx.rdrgzz
2026-01-08 23:13:11,882 - INFO - [OK] @aleealveez_
2026-01-08 23:13:22,543 - INFO - [OK] @alejandroguijarro99
2026-01-08 23:13:32,986 - INFO - [OK] @alejmoretti
2026-01-08 23:13:41,988 - INFO - [OK] @alemartineez_
2026-01-08 23:13:51,912 - INFO - [OK] @alerodass_
2026-01-08 23:14:00,729 - INFO - [OK] @alexmumo_
2026-01-08 23:14:08,750 - INFO - [OK] @alexplacer_
2026-01-08 23:14:17,503 - INFO - [OK] @aliciape07
2026-01-08 23:14:28,712 - INFO - [OK] @alisajustice
2026-01-08 23:14:39,399 - INFO - [OK] @almalice_
2026-01-08 23:14:41,966 - INFO - 
2026-01-08 23:14:46,778 - INFO - [NEXT] Siguiente pagina
2026-01-08 23:14:46,779 - INFO - 
============================================================
2026-01-08 23:14:46,779 - INFO - [PAGINA 4]
2026-01-08 23:14:46,779 - INFO - ============================================================
2026-01-08 23:14:46,887 - INFO - [OK] 16 usuarios encontrados
2026-01-08 23:14:55,063 - INFO - [OK] @andreaavalle_
2026-01-08 23:15:06,011 - INFO - [OK] @andreacalvarr
2026-01-08 23:15:17,565 - INFO - [OK] @andreaglezfdez
2026-01-08 23:15:29,333 - INFO - [OK] @andreameediinaa
2026-01-08 23:15:40,691 - INFO - [OK] @andrex.kess
2026-01-08 23:15:51,123 - INFO - [OK] @angelacc98
2026-01-08 23:16:02,623 - INFO - [OK] @angelic.tv
2026-01-08 23:16:12,209 - INFO - [OK] @angieevg_
2026-01-08 23:16:21,181 - INFO - [OK] @angxlmorte
2026-01-08 23:16:33,625 - INFO - [OK] @annabelen_17
2026-01-08 23:16:45,639 - INFO - [OK] @annlr_
2026-01-08 23:16:57,403 - INFO - [OK] @annmartiinezz
2026-01-08 23:17:10,479 - INFO - [OK] @antiardgz
2026-01-08 23:17:21,812 - INFO - [OK] @apopeta_04
2026-01-08 23:17:33,192 - INFO - [OK] @aranguezzz
2026-01-08 23:17:45,010 - INFO - [OK] @ariellaharley
2026-01-08 23:17:47,252 - INFO - 
2026-01-08 23:17:51,603 - INFO - [NEXT] Siguiente pagina
2026-01-08 23:17:51,604 - INFO - 
============================================================
2026-01-08 23:17:51,604 - INFO - [PAGINA 5]
2026-01-08 23:17:51,604 - INFO - ============================================================
2026-01-08 23:17:51,702 - INFO - [OK] 16 usuarios encontrados
2026-01-08 23:17:59,895 - INFO - [OK] @bellakanela
2026-01-08 23:18:11,017 - INFO - [OK] @berfinesyy
2026-01-08 23:18:20,874 - INFO - [OK] @bertamagoxhi
2026-01-08 23:18:29,576 - INFO - [OK] @bertavives5
2026-01-08 23:18:41,162 - INFO - [OK] @bl.ackburn07
2026-01-08 23:18:51,126 - INFO - [OK] @blissfulli_
2026-01-08 23:19:03,630 - INFO - [OK] @blumesec
2026-01-08 23:19:15,766 - INFO - [OK] @bonniiee.g6
2026-01-08 23:19:26,792 - INFO - [OK] @boorjalopez_
2026-01-08 23:19:37,760 - INFO - [OK] @brandyy6457
2026-01-08 23:19:49,462 - INFO - [OK] @bxbyy_king
2026-01-08 23:20:02,145 - INFO - [OK] @bzllz
2026-01-08 23:20:12,751 - INFO - [OK] @caannde._
2026-01-08 23:20:23,948 - INFO - [OK] @caarmeenn.s
2026-01-08 23:20:34,341 - INFO - [OK] @caleroreyy
2026-01-08 23:20:46,375 - INFO - [OK] @camilasantin__
2026-01-08 23:20:49,741 - INFO - 
2026-01-08 23:20:52,978 - INFO - [NEXT] Siguiente pagina
2026-01-08 23:20:52,978 - INFO - 
============================================================
2026-01-08 23:20:52,978 - INFO - [PAGINA 6]
2026-01-08 23:20:52,978 - INFO - ============================================================
2026-01-08 23:20:53,077 - INFO - [OK] 16 usuarios encontrados
2026-01-08 23:21:01,566 - INFO - [OK] @carmen_shhh
2026-01-08 23:21:11,123 - INFO - [OK] @carmengarquintas
2026-01-08 23:21:20,107 - INFO - [OK] @carmengs_11
2026-01-08 23:21:30,818 - INFO - [OK] @carr.altamirano
2026-01-08 23:21:40,180 - INFO - [OK] @castilleja.17
2026-01-08 23:21:49,266 - INFO - [OK] @catastoo
2026-01-08 23:22:00,261 - INFO - [OK] @ccrisruizz
2026-01-08 23:22:10,945 - INFO - [OK] @celiasaturnino
2026-01-08 23:22:21,053 - INFO - [OK] @cementeryydrive
2026-01-08 23:22:33,467 - INFO - [OK] @cg.zul2
2026-01-08 23:22:42,819 - INFO - [OK] @chl6echang
2026-01-08 23:22:54,329 - INFO - [OK] @christiancuevas__
2026-01-08 23:23:05,446 - INFO - [OK] @ciarapato
2026-01-08 23:23:14,806 - INFO - [OK] @claaufdezz_
2026-01-08 23:23:24,491 - INFO - [OK] @claudiaosorioo0_
2026-01-08 23:23:35,592 - INFO - [OK] @claudiaquintanilla0
2026-01-08 23:23:38,958 - INFO - 
2026-01-08 23:23:43,888 - INFO - [NEXT] Siguiente pagina
2026-01-08 23:23:43,888 - INFO - 
============================================================
2026-01-08 23:23:43,889 - INFO - [PAGINA 7]
2026-01-08 23:23:43,889 - INFO - ============================================================
2026-01-08 23:23:43,986 - INFO - [OK] 16 usuarios encontrados
2026-01-08 23:23:51,122 - INFO - [OK] @dahyvnz
2026-01-08 23:24:03,144 - INFO - [OK] @daiiirenn_
2026-01-08 23:24:12,652 - INFO - [OK] @daniaguirree
2026-01-08 23:24:24,981 - INFO - [OK] @danna.md22
2026-01-08 23:24:36,956 - INFO - [OK] @davitetgarcia
2026-01-08 23:24:48,781 - INFO - [OK] @debisuarezz
2026-01-08 23:24:59,748 - INFO - [OK] @deboracamir
2026-01-08 23:25:09,460 - INFO - [OK] @didiibear
2026-01-08 23:25:20,559 - INFO - [OK] @digitalparadisexoxo
2026-01-08 23:25:31,846 - INFO - [OK] @dolly._.yk
2026-01-08 23:25:41,742 - INFO - [OK] @dulce.noe98
2026-01-08 23:25:53,250 - INFO - [OK] @edylizd
2026-01-08 23:26:05,089 - INFO - [OK] @eeiderambz._
2026-01-08 23:26:17,749 - INFO - [OK] @eezequielsoto
2026-01-08 23:26:28,947 - INFO - [OK] @eleealonso
2026-01-08 23:26:39,019 - INFO - [OK] @elenitapnl
2026-01-08 23:26:42,234 - INFO - 
2026-01-08 23:26:47,552 - INFO - [NEXT] Siguiente pagina
2026-01-08 23:26:47,552 - INFO - 
============================================================
2026-01-08 23:26:47,552 - INFO - [PAGINA 8]
2026-01-08 23:26:47,552 - INFO - ============================================================
2026-01-08 23:26:47,651 - INFO - [OK] 16 usuarios encontrados
2026-01-08 23:26:55,889 - INFO - [OK] @eneerree_
2026-01-08 23:27:06,481 - INFO - [OK] @esnusss
2026-01-08 23:27:16,514 - INFO - [OK] @esperanzagcc
2026-01-08 23:27:28,955 - INFO - [OK] @esspee_03
2026-01-08 23:27:40,156 - INFO - [OK] @estrellasantoss
2026-01-08 23:27:52,264 - INFO - [OK] @ethan.lopzz
2026-01-08 23:28:02,312 - INFO - [OK] @evaaacuna
2026-01-08 23:28:12,984 - INFO - [OK] @eve_.aaa
2026-01-08 23:28:22,466 - INFO - [OK] @evensacce
2026-01-08 23:28:32,606 - INFO - [OK] @evv.14
2026-01-08 23:28:40,943 - INFO - [OK] @faexiu
2026-01-08 23:28:51,520 - INFO - [OK] @feerrxez
2026-01-08 23:29:03,200 - INFO - [OK] @ferr.gpm
2026-01-08 23:29:14,202 - INFO - [OK] @frs_itze
2026-01-08 23:29:23,845 - INFO - [OK] @fumiko_zzz
2026-01-08 23:29:36,060 - INFO - [OK] @gaabbbiee
2026-01-08 23:29:38,858 - INFO - 
2026-01-08 23:29:44,309 - INFO - [NEXT] Siguiente pagina
2026-01-08 23:29:44,309 - INFO - 
============================================================
2026-01-08 23:29:44,309 - INFO - [PAGINA 9]
2026-01-08 23:29:44,309 - INFO - ============================================================
2026-01-08 23:29:44,422 - INFO - [OK] 16 usuarios encontrados
2026-01-08 23:29:51,237 - INFO - [OK] @heeleen_g24
2026-01-08 23:30:01,985 - INFO - [OK] @heidiayala
2026-01-08 23:30:12,664 - INFO - [OK] @henarxcs
2026-01-08 23:30:23,619 - INFO - [OK] @herreracato
2026-01-08 23:30:33,847 - INFO - [OK] @hhugo.gil
2026-01-08 23:30:45,951 - INFO - [OK] @hhugosalazar
2026-01-08 23:31:00,458 - INFO - [OK] @hithwenn
2026-01-08 23:31:11,990 - INFO - [OK] @huesit00
2026-01-08 23:31:23,574 - INFO - [OK] @i.mrosita
2026-01-08 23:31:32,682 - INFO - [OK] @i4mbrizz
2026-01-08 23:31:42,918 - INFO - [OK] @identikito
2026-01-08 23:31:54,724 - INFO - [OK] @igj_93
2026-01-08 23:32:05,865 - INFO - [OK] @ignaciio_tc
2026-01-08 23:32:16,748 - INFO - [OK] @iiraaatiii_
2026-01-08 23:32:28,418 - INFO - [OK] @ikerlacarra
2026-01-08 23:32:37,328 - INFO - [OK] @ilegible.e
2026-01-08 23:32:40,859 - INFO - 
2026-01-08 23:32:46,642 - INFO - [NEXT] Siguiente pagina
2026-01-08 23:32:46,642 - INFO - 
============================================================
2026-01-08 23:32:46,642 - INFO - [PAGINA 10]
2026-01-08 23:32:46,642 - INFO - ============================================================
2026-01-08 23:32:46,739 - INFO - [OK] 16 usuarios encontrados
2026-01-08 23:32:54,672 - INFO - [OK] @isayana_ts
2026-01-08 23:33:04,942 - INFO - [OK] @isthatenigma
2026-01-08 23:33:15,140 - INFO - [OK] @iswoka
2026-01-08 23:33:25,497 - INFO - [OK] @itsbloodymarie
2026-01-08 23:33:36,031 - INFO - [OK] @ivannasantoss
2026-01-08 23:33:47,200 - INFO - [OK] @ivanssierra
2026-01-08 23:33:57,785 - INFO - [OK] @iwanna77777
2026-01-08 23:34:09,596 - INFO - [OK] @jaavieer_16
2026-01-08 23:34:19,487 - INFO - [OK] @jaavisalazaar
2026-01-08 23:34:31,519 - INFO - [OK] @javucho.gc
2026-01-08 23:34:42,084 - INFO - [OK] @jortegga
2026-01-08 23:34:50,297 - INFO - [OK] @jotajota_monkey
2026-01-08 23:35:00,616 - INFO - [OK] @joyaa.skc
2026-01-08 23:35:10,723 - INFO - [OK] @juditgarsi458
2026-01-08 23:35:22,333 - INFO - [OK] @juleen.galeano
2026-01-08 23:35:36,120 - INFO - [OK] @julesfps
2026-01-08 23:35:39,306 - INFO - 
2026-01-08 23:35:45,021 - INFO - [NEXT] Siguiente pagina
2026-01-08 23:35:45,022 - INFO - 
============================================================
2026-01-08 23:35:45,022 - INFO - [PAGINA 11]
2026-01-08 23:35:45,022 - INFO - ============================================================
2026-01-08 23:35:45,120 - INFO - [OK] 16 usuarios encontrados
2026-01-08 23:35:54,364 - INFO - [OK] @kriskaik
2026-01-08 23:36:05,129 - INFO - [OK] @kush_hp
2026-01-08 23:36:17,789 - INFO - [OK] @kuxh4a
2026-01-08 23:36:28,288 - INFO - [OK] @ky.lllee
2026-01-08 23:36:37,684 - INFO - [OK] @kyrier4p
2026-01-08 23:36:46,895 - INFO - [OK] @l4nii44
2026-01-08 23:36:58,281 - INFO - [OK] @laaaus___
2026-01-08 23:37:10,681 - INFO - [OK] @laaiarodriiguezz
2026-01-08 23:37:23,361 - INFO - [OK] @laia.v_s
2026-01-08 23:37:35,423 - INFO - [OK] @larasancheznaveira
2026-01-08 23:37:45,556 - INFO - [OK] @larbuamden
2026-01-08 23:37:58,219 - INFO - [OK] @lauraasegura
2026-01-08 23:38:09,495 - INFO - [OK] @lauragrc21
2026-01-08 23:38:19,168 - INFO - [OK] @lausxnchez
2026-01-08 23:38:30,397 - INFO - [OK] @lauuragiil_
2026-01-08 23:38:42,248 - INFO - [OK] @lauuraperezlara
2026-01-08 23:38:44,648 - INFO - 
2026-01-08 23:38:49,534 - INFO - [NEXT] Siguiente pagina
2026-01-08 23:38:49,534 - INFO - 
============================================================
2026-01-08 23:38:49,534 - INFO - [PAGINA 12]
2026-01-08 23:38:49,534 - INFO - ============================================================
2026-01-08 23:38:49,629 - INFO - [OK] 16 usuarios encontrados
2026-01-08 23:38:56,371 - INFO - [OK] @lolaa_nelsonn
2026-01-08 23:39:05,239 - INFO - [OK] @lolastarvisage
2026-01-08 23:39:16,374 - INFO - [OK] @loreenaapm
2026-01-08 23:39:25,909 - INFO - [OK] @lovelyzcele
2026-01-08 23:39:36,211 - INFO - [OK] @lovingpeac33
2026-01-08 23:39:48,658 - INFO - [OK] @lquuraa
2026-01-08 23:39:59,527 - INFO - [OK] @lucia_lado_
2026-01-08 23:40:09,283 - INFO - [OK] @luciiameendez
2026-01-08 23:40:22,295 - INFO - [OK] @lucyamf
2026-01-08 23:40:33,815 - INFO - [OK] @lucyrome8
2026-01-08 23:40:42,922 - INFO - [OK] @luisaaa.f
2026-01-08 23:40:54,589 - INFO - [OK] @luuciareeino
2026-01-08 23:41:06,390 - INFO - [OK] @luuciiaa.140
2026-01-08 23:41:16,495 - INFO - [OK] @luuzzmariia
2026-01-08 23:41:28,977 - INFO - [OK] @lxm__sn
2026-01-08 23:41:39,837 - INFO - [OK] @lxmxv
2026-01-08 23:41:42,472 - INFO - 
2026-01-08 23:41:45,794 - INFO - [NEXT] Siguiente pagina
2026-01-08 23:41:45,794 - INFO - 
============================================================
2026-01-08 23:41:45,794 - INFO - [PAGINA 13]
2026-01-08 23:41:45,794 - INFO - ============================================================
2026-01-08 23:41:45,891 - INFO - [OK] 16 usuarios encontrados
2026-01-08 23:41:54,108 - INFO - [OK] @mariacarnota
2026-01-08 23:42:05,364 - INFO - [OK] @mariagarciaa_18
2026-01-08 23:42:15,848 - INFO - [OK] @mariammez1947
2026-01-08 23:42:28,140 - INFO - [OK] @maridcrc
2026-01-08 23:42:37,479 - INFO - [OK] @mariiaagr.__
2026-01-08 23:42:48,378 - INFO - [OK] @mariiadp._
2026-01-08 23:42:59,914 - INFO - [OK] @mariiajosemsas
2026-01-08 23:43:10,759 - INFO - [OK] @mariiaortiz10
2026-01-08 23:43:21,195 - INFO - [OK] @marquezz.x
2026-01-08 23:43:31,637 - INFO - [OK] @martaaa_fdez
2026-01-08 23:43:41,175 - INFO - [OK] @martabrea_
2026-01-08 23:43:51,425 - INFO - [OK] @martamateeo
2026-01-08 23:44:03,051 - INFO - [OK] @martariza13
2026-01-08 23:44:14,064 - INFO - [OK] @martiinaabalos
2026-01-08 23:44:26,607 - INFO - [OK] @mechibruses
2026-01-08 23:44:39,464 - INFO - [OK] @mell.richardt
2026-01-08 23:44:43,647 - INFO - 
2026-01-08 23:44:47,561 - INFO - [NEXT] Siguiente pagina
2026-01-08 23:44:47,561 - INFO - 
============================================================
2026-01-08 23:44:47,561 - INFO - [PAGINA 14]
2026-01-08 23:44:47,561 - INFO - ============================================================
2026-01-08 23:44:47,659 - INFO - [OK] 16 usuarios encontrados
2026-01-08 23:44:54,450 - INFO - [OK] @mile.w1x
2026-01-08 23:45:04,613 - INFO - [OK] @miliscarfoo
2026-01-08 23:45:13,547 - INFO - [OK] @mirandaaa.sst
2026-01-08 23:45:23,564 - INFO - [OK] @miriammartin__
2026-01-08 23:45:34,332 - INFO - [OK] @miriamsmv_
2026-01-08 23:45:43,242 - INFO - [OK] @mmymsss
2026-01-08 23:45:54,241 - INFO - [OK] @molly.c.hurst
2026-01-08 23:46:06,627 - INFO - [OK] @morecuedoo
2026-01-08 23:46:18,038 - INFO - [OK] @morelaa17
2026-01-08 23:46:28,822 - INFO - [OK] @moziiiiiiiiiiiiiiiii
2026-01-08 23:46:39,077 - INFO - [OK] @msga.56
2026-01-08 23:46:49,816 - INFO - [OK] @mteresa.99
2026-01-08 23:46:59,729 - INFO - [OK] @myselfasemily
2026-01-08 23:47:10,056 - INFO - [OK] @naaiiikee
2026-01-08 23:47:20,306 - INFO - [OK] @naatxuhli
2026-01-08 23:47:31,783 - INFO - [OK] @nadddot
2026-01-08 23:47:34,339 - INFO - 
2026-01-08 23:47:39,947 - INFO - [NEXT] Siguiente pagina
2026-01-08 23:47:39,948 - INFO - 
============================================================
2026-01-08 23:47:39,948 - INFO - [PAGINA 15]
2026-01-08 23:47:39,948 - INFO - ============================================================
2026-01-08 23:47:40,050 - INFO - [OK] 16 usuarios encontrados
2026-01-08 23:47:48,849 - INFO - [OK] @nerodarcia
2026-01-08 23:47:58,806 - INFO - [OK] @nico_800
2026-01-08 23:48:08,054 - INFO - [OK] @niiuurkaa
2026-01-08 23:48:19,822 - INFO - [OK] @no3talgica
2026-01-08 23:48:30,247 - INFO - [OK] @noa.solino
2026-01-08 23:48:42,188 - INFO - [OK] @noacreo_
2026-01-08 23:48:55,245 - INFO - [OK] @noeliamilaan
2026-01-08 23:49:06,924 - INFO - [OK] @nottoday.nty
2026-01-08 23:49:20,808 - INFO - [OK] @nourbaukar
2026-01-08 23:49:30,768 - INFO - [OK] @novkieef
2026-01-08 23:49:39,860 - INFO - [OK] @nuriia.cg
2026-01-08 23:49:50,665 - INFO - [OK] @nuriiaa_mb
2026-01-08 23:49:59,683 - INFO - [OK] @orquideeaaaa
2026-01-08 23:50:07,313 - INFO - [OK] @paablomendo
2026-01-08 23:50:18,627 - INFO - [OK] @paalomaconde
2026-01-08 23:50:29,564 - INFO - [OK] @palomalopez._
2026-01-08 23:50:31,659 - INFO - 
2026-01-08 23:50:36,349 - INFO - [NEXT] Siguiente pagina
2026-01-08 23:50:36,349 - INFO - 
============================================================
2026-01-08 23:50:36,349 - INFO - [PAGINA 16]
2026-01-08 23:50:36,349 - INFO - ============================================================
2026-01-08 23:50:36,445 - INFO - [OK] 16 usuarios encontrados
2026-01-08 23:50:45,478 - INFO - [OK] @rachelsp1cer
2026-01-08 23:50:54,426 - INFO - [OK] @raquelpm_07
2026-01-08 23:51:06,633 - INFO - [OK] @raylenettv
2026-01-08 23:51:17,446 - INFO - [OK] @rebecaalopeez
2026-01-08 23:51:28,276 - INFO - [OK] @rebeeca_diazz
2026-01-08 23:51:38,393 - INFO - [OK] @robertoalarcondj
2026-01-08 23:51:50,775 - INFO - [OK] @rociioo.ss
2026-01-08 23:52:03,779 - INFO - [OK] @romilozcr
2026-01-08 23:52:13,449 - INFO - [OK] @rominaketamina
2026-01-08 23:52:24,164 - INFO - [OK] @rorubes
2026-01-08 23:52:35,161 - INFO - [OK] @rreyessofi
2026-01-08 23:52:47,809 - INFO - [OK] @rrrrriiiita
2026-01-08 23:52:59,968 - INFO - [OK] @saaraeiras
2026-01-08 23:53:09,423 - INFO - [OK] @sabicamachod
2026-01-08 23:53:20,158 - INFO - [OK] @sandraafz
2026-01-08 23:53:31,890 - INFO - [OK] @sapharic
2026-01-08 23:53:34,482 - INFO - 
2026-01-08 23:53:38,577 - INFO - [NEXT] Siguiente pagina
2026-01-08 23:53:38,578 - INFO - 
============================================================
2026-01-08 23:53:38,578 - INFO - [PAGINA 17]
2026-01-08 23:53:38,578 - INFO - ============================================================
2026-01-08 23:53:38,676 - INFO - [OK] 16 usuarios encontrados
2026-01-08 23:53:45,705 - INFO - [OK] @saul.grciaa
2026-01-08 23:53:55,988 - INFO - [OK] @sebssttnn
2026-01-08 23:54:07,843 - INFO - [OK] @seergiogutieerrez
2026-01-08 23:54:17,849 - INFO - [OK] @seoaane
2026-01-08 23:54:27,505 - INFO - [OK] @sepultacion.n
2026-01-08 23:54:37,717 - INFO - [OK] @shedfelony657
2026-01-08 23:54:47,534 - INFO - [OK] @sherifftatto0
2026-01-08 23:54:58,620 - INFO - [OK] @siaraskye
2026-01-08 23:55:09,943 - INFO - [OK] @sillycatfen
2026-01-08 23:55:20,824 - INFO - [OK] @slavap03
2026-01-08 23:55:30,322 - INFO - [OK] @sml_suarez
2026-01-08 23:55:42,020 - INFO - [OK] @sofiaaperezz___
2026-01-08 23:55:53,060 - INFO - [OK] @sol.balza
2026-01-08 23:56:03,941 - INFO - [OK] @soldosreiss
2026-01-08 23:56:13,119 - INFO - [OK] @soofiiacxn_
2026-01-08 23:56:24,199 - INFO - [OK] @sosome.one
2026-01-08 23:56:28,048 - INFO - 
2026-01-08 23:56:32,587 - INFO - [NEXT] Siguiente pagina
2026-01-08 23:56:32,588 - INFO - 
============================================================
2026-01-08 23:56:32,588 - INFO - [PAGINA 18]
2026-01-08 23:56:32,588 - INFO - ============================================================
2026-01-08 23:56:32,687 - INFO - [OK] 16 usuarios encontrados
2026-01-08 23:56:39,624 - INFO - [OK] @tarajmenez_
2026-01-08 23:56:50,956 - INFO - [OK] @tasi.comm
2026-01-08 23:57:02,664 - INFO - [OK] @the_realbv
2026-01-08 23:57:13,454 - INFO - [OK] @toto.uccello_
2026-01-08 23:57:24,314 - INFO - [OK] @triiskit
2026-01-08 23:57:34,264 - INFO - [OK] @ufezaamora_
2026-01-08 23:57:43,993 - INFO - [OK] @under.carrot
2026-01-08 23:57:55,181 - INFO - [OK] @v.caarmenn
2026-01-08 23:58:05,109 - INFO - [OK] @vaaaalhdez
2026-01-08 23:58:15,771 - INFO - [OK] @valeeeeee.vv
2026-01-08 23:58:26,334 - INFO - [OK] @valegaarcia__
2026-01-08 23:58:35,991 - INFO - [OK] @vampiroba___
2026-01-08 23:58:48,878 - INFO - [OK] @variousjackie
2026-01-08 23:58:56,803 - INFO - [OK] @verolado_
2026-01-08 23:59:06,275 - INFO - [OK] @veroo_.05
2026-01-08 23:59:15,899 - INFO - [OK] @veroocf
2026-01-08 23:59:20,118 - INFO - 
2026-01-08 23:59:23,812 - INFO - [NEXT] Siguiente pagina
2026-01-08 23:59:23,812 - INFO - 
============================================================
2026-01-08 23:59:23,812 - INFO - [PAGINA 19]
2026-01-08 23:59:23,812 - INFO - ============================================================
2026-01-08 23:59:23,877 - INFO - [OK] 10 usuarios encontrados
2026-01-08 23:59:31,994 - INFO - [OK] @xxanaxx_b.h_
2026-01-08 23:59:42,833 - INFO - [OK] @yaaizza__
2026-01-08 23:59:50,709 - INFO - [OK] @yaamirodrigueezz
2026-01-09 00:00:00,942 - INFO - [OK] @yeraymorote
2026-01-09 00:00:10,850 - INFO - [OK] @ylenia_lopzz
2026-01-09 00:00:21,242 - INFO - [OK] @yourfavgoth19
2026-01-09 00:00:32,675 - INFO - [OK] @yuddeiisyy
2026-01-09 00:00:42,014 - INFO - [OK] @yuliamzk
2026-01-09 00:00:53,332 - INFO - [OK] @zaraasntna
2026-01-09 00:01:03,487 - INFO - [OK] @zofiamodej
2026-01-09 00:01:06,028 - INFO - 
2026-01-09 00:01:11,667 - INFO - [NEXT] Siguiente pagina
2026-01-09 00:01:11,668 - INFO - 
============================================================
2026-01-09 00:01:11,668 - INFO - [PAGINA 20]
2026-01-09 00:01:11,668 - INFO - ============================================================
2026-01-09 00:01:11,733 - INFO - [OK] 10 usuarios encontrados
2026-01-09 00:01:15,190 - WARNING - [SKIP] @xxanaxx_b.h_
2026-01-09 00:01:18,509 - WARNING - [SKIP] @yaaizza__
2026-01-09 00:01:23,637 - WARNING - [SKIP] @yaamirodrigueezz
2026-01-09 00:01:26,857 - WARNING - [SKIP] @yeraymorote
2026-01-09 00:01:31,079 - WARNING - [SKIP] @ylenia_lopzz
2026-01-09 00:01:36,110 - WARNING - [SKIP] @yourfavgoth19
2026-01-09 00:01:39,798 - WARNING - [SKIP] @yuddeiisyy
2026-01-09 00:01:44,942 - WARNING - [SKIP] @yuliamzk
2026-01-09 00:01:51,333 - WARNING - [SKIP] @zaraasntna
2026-01-09 00:01:57,069 - WARNING - [SKIP] @zofiamodej
2026-01-09 00:01:59,908 - INFO - 
2026-01-09 00:02:05,275 - INFO - [NEXT] Siguiente pagina
2026-01-09 00:02:05,275 - INFO - 
============================================================
2026-01-09 00:02:05,275 - INFO - [PAGINA 21]
2026-01-09 00:02:05,276 - INFO - ============================================================
2026-01-09 00:02:05,341 - INFO - [OK] 10 usuarios encontrados
2026-01-09 00:02:08,232 - WARNING - [SKIP] @xxanaxx_b.h_
2026-01-09 00:02:13,266 - WARNING - [SKIP] @yaaizza__
2026-01-09 00:02:18,674 - WARNING - [SKIP] @yaamirodrigueezz
2026-01-09 00:02:24,092 - WARNING - [SKIP] @yeraymorote
2026-01-09 00:02:27,167 - WARNING - [SKIP] @ylenia_lopzz
2026-01-09 00:02:31,468 - WARNING - [SKIP] @yourfavgoth19
2026-01-09 00:02:36,336 - WARNING - [SKIP] @yuddeiisyy
2026-01-09 00:02:41,977 - WARNING - [SKIP] @yuliamzk
2026-01-09 00:02:46,089 - WARNING - [SKIP] @zaraasntna
2026-01-09 00:02:50,538 - WARNING - [SKIP] @zofiamodej
2026-01-09 00:02:51,388 - INFO - 
2026-01-09 00:02:54,462 - INFO - [NEXT] Siguiente pagina
2026-01-09 00:02:54,463 - INFO - 
============================================================
2026-01-09 00:02:54,463 - INFO - [PAGINA 22]
2026-01-09 00:02:54,463 - INFO - ============================================================
2026-01-09 00:02:54,557 - INFO - [OK] 10 usuarios encontrados
2026-01-09 00:02:57,985 - WARNING - [SKIP] @xxanaxx_b.h_
2026-01-09 00:03:02,967 - WARNING - [SKIP] @yaaizza__
2026-01-09 00:03:08,671 - WARNING - [SKIP] @yaamirodrigueezz
2026-01-09 00:03:12,536 - WARNING - [SKIP] @yeraymorote
2026-01-09 00:03:17,366 - WARNING - [SKIP] @ylenia_lopzz
2026-01-09 00:03:23,607 - WARNING - [SKIP] @yourfavgoth19
2026-01-09 00:03:26,872 - WARNING - [SKIP] @yuddeiisyy
2026-01-09 00:03:32,456 - WARNING - [SKIP] @yuliamzk
2026-01-09 00:03:38,285 - WARNING - [SKIP] @zaraasntna
2026-01-09 00:03:43,876 - WARNING - [SKIP] @zofiamodej
2026-01-09 00:03:45,598 - INFO - 
2026-01-09 00:03:49,008 - INFO - [NEXT] Siguiente pagina
2026-01-09 00:03:49,008 - INFO - 
============================================================
2026-01-09 00:03:49,008 - INFO - [PAGINA 23]
2026-01-09 00:03:49,009 - INFO - ============================================================
2026-01-09 00:03:49,075 - INFO - [OK] 10 usuarios encontrados
2026-01-09 00:03:52,786 - WARNING - [SKIP] @xxanaxx_b.h_
2026-01-09 00:03:59,270 - WARNING - [SKIP] @yaaizza__
2026-01-09 00:04:03,944 - WARNING - [SKIP] @yaamirodrigueezz
2026-01-09 00:04:08,768 - WARNING - [SKIP] @yeraymorote
2026-01-09 00:04:14,141 - WARNING - [SKIP] @ylenia_lopzz
2026-01-09 00:04:19,402 - WARNING - [SKIP] @yourfavgoth19
2026-01-09 00:04:22,732 - WARNING - [SKIP] @yuddeiisyy
2026-01-09 00:04:28,502 - WARNING - [SKIP] @yuliamzk
2026-01-09 00:04:33,916 - WARNING - [SKIP] @zaraasntna
2026-01-09 00:04:39,868 - WARNING - [SKIP] @zofiamodej
2026-01-09 00:04:41,345 - INFO - 
2026-01-09 00:04:46,391 - INFO - [NEXT] Siguiente pagina
2026-01-09 00:04:46,391 - INFO - 
============================================================
2026-01-09 00:04:46,391 - INFO - [PAGINA 24]
2026-01-09 00:04:46,391 - INFO - ============================================================
2026-01-09 00:04:46,461 - INFO - [OK] 10 usuarios encontrados
2026-01-09 00:04:49,604 - WARNING - [SKIP] @xxanaxx_b.h_
2026-01-09 00:04:53,087 - WARNING - [SKIP] @yaaizza__
2026-01-09 00:04:59,038 - WARNING - [SKIP] @yaamirodrigueezz
2026-01-09 00:05:03,343 - WARNING - [SKIP] @yeraymorote
2026-01-09 00:05:07,476 - WARNING - [SKIP] @ylenia_lopzz
2026-01-09 00:05:11,921 - WARNING - [SKIP] @yourfavgoth19
2026-01-09 00:05:16,099 - WARNING - [SKIP] @yuddeiisyy
2026-01-09 00:05:22,781 - WARNING - [SKIP] @yuliamzk
2026-01-09 00:05:26,643 - WARNING - [SKIP] @zaraasntna
2026-01-09 00:05:31,205 - WARNING - [SKIP] @zofiamodej
2026-01-09 00:05:33,474 - INFO - 
2026-01-09 00:05:36,595 - INFO - [NEXT] Siguiente pagina
2026-01-09 00:05:36,595 - INFO - 
============================================================
2026-01-09 00:05:36,595 - INFO - [PAGINA 25]
2026-01-09 00:05:36,595 - INFO - ============================================================
2026-01-09 00:05:36,659 - INFO - [OK] 10 usuarios encontrados
2026-01-09 00:05:38,753 - WARNING - [SKIP] @xxanaxx_b.h_
2026-01-09 00:05:44,975 - WARNING - [SKIP] @yaaizza__
2026-01-09 00:05:50,648 - WARNING - [SKIP] @yaamirodrigueezz
2026-01-09 00:05:53,919 - WARNING - [SKIP] @yeraymorote
2026-01-09 00:05:59,062 - WARNING - [SKIP] @ylenia_lopzz
2026-01-09 00:06:04,366 - WARNING - [SKIP] @yourfavgoth19
2026-01-09 00:06:09,446 - WARNING - [SKIP] @yuddeiisyy
2026-01-09 00:06:13,730 - WARNING - [SKIP] @yuliamzk
2026-01-09 00:06:17,871 - WARNING - [SKIP] @zaraasntna
2026-01-09 00:06:22,406 - WARNING - [SKIP] @zofiamodej
2026-01-09 00:06:23,732 - INFO - 
2026-01-09 00:06:27,731 - INFO - [NEXT] Siguiente pagina
2026-01-09 00:06:27,731 - INFO - 
============================================================
2026-01-09 00:06:27,731 - INFO - [PAGINA 26]
2026-01-09 00:06:27,732 - INFO - ============================================================
2026-01-09 00:06:27,796 - INFO - [OK] 10 usuarios encontrados
2026-01-09 00:06:31,291 - WARNING - [SKIP] @xxanaxx_b.h_
2026-01-09 00:06:35,961 - WARNING - [SKIP] @yaaizza__
2026-01-09 00:06:42,572 - WARNING - [SKIP] @yaamirodrigueezz
2026-01-09 00:06:46,047 - WARNING - [SKIP] @yeraymorote
2026-01-09 00:06:50,388 - WARNING - [SKIP] @ylenia_lopzz
2026-01-09 00:06:56,799 - WARNING - [SKIP] @yourfavgoth19
2026-01-09 00:07:01,321 - WARNING - [SKIP] @yuddeiisyy
2026-01-09 00:07:05,568 - WARNING - [SKIP] @yuliamzk
2026-01-09 00:07:11,186 - WARNING - [SKIP] @zaraasntna
2026-01-09 00:07:17,062 - WARNING - [SKIP] @zofiamodej
2026-01-09 00:07:17,999 - INFO - 
2026-01-09 00:07:22,951 - INFO - [NEXT] Siguiente pagina
2026-01-09 00:07:22,951 - INFO - 
============================================================
2026-01-09 00:07:22,951 - INFO - [PAGINA 27]
2026-01-09 00:07:22,952 - INFO - ============================================================
2026-01-09 00:07:23,020 - INFO - [OK] 10 usuarios encontrados
2026-01-09 00:07:25,992 - WARNING - [SKIP] @xxanaxx_b.h_
2026-01-09 00:07:31,815 - WARNING - [SKIP] @yaaizza__
2026-01-09 00:07:35,793 - WARNING - [SKIP] @yaamirodrigueezz
2026-01-09 00:07:39,582 - WARNING - [SKIP] @yeraymorote
2026-01-09 00:07:42,933 - WARNING - [SKIP] @ylenia_lopzz
2026-01-09 00:07:46,949 - WARNING - [SKIP] @yourfavgoth19
2026-01-09 00:07:51,694 - WARNING - [SKIP] @yuddeiisyy
2026-01-09 00:07:56,689 - WARNING - [SKIP] @yuliamzk
2026-01-09 00:08:01,641 - WARNING - [SKIP] @zaraasntna
2026-01-09 00:08:05,677 - WARNING - [SKIP] @zofiamodej
2026-01-09 00:08:08,479 - INFO - 
2026-01-09 00:08:12,320 - INFO - [NEXT] Siguiente pagina
2026-01-09 00:08:12,320 - INFO - 
============================================================
2026-01-09 00:08:12,321 - INFO - [PAGINA 28]
2026-01-09 00:08:12,321 - INFO - ============================================================
2026-01-09 00:08:12,385 - INFO - [OK] 10 usuarios encontrados
2026-01-09 00:08:15,133 - WARNING - [SKIP] @xxanaxx_b.h_
2026-01-09 00:08:19,532 - WARNING - [SKIP] @yaaizza__
2026-01-09 00:08:24,355 - WARNING - [SKIP] @yaamirodrigueezz
2026-01-09 00:08:27,620 - WARNING - [SKIP] @yeraymorote
2026-01-09 00:08:33,832 - WARNING - [SKIP] @ylenia_lopzz
2026-01-09 00:08:38,749 - WARNING - [SKIP] @yourfavgoth19
2026-01-09 00:08:41,884 - WARNING - [SKIP] @yuddeiisyy
2026-01-09 00:08:46,798 - WARNING - [SKIP] @yuliamzk
2026-01-09 00:08:51,364 - WARNING - [SKIP] @zaraasntna
2026-01-09 00:08:54,825 - WARNING - [SKIP] @zofiamodej
2026-01-09 00:08:55,902 - INFO - 
2026-01-09 00:09:00,391 - INFO - [NEXT] Siguiente pagina
2026-01-09 00:09:00,391 - INFO - 
============================================================
2026-01-09 00:09:00,391 - INFO - [PAGINA 29]
2026-01-09 00:09:00,391 - INFO - ============================================================
2026-01-09 00:09:00,458 - INFO - [OK] 10 usuarios encontrados
2026-01-09 00:09:04,140 - WARNING - [SKIP] @xxanaxx_b.h_
2026-01-09 00:09:07,887 - WARNING - [SKIP] @yaaizza__
2026-01-09 00:09:11,814 - WARNING - [SKIP] @yaamirodrigueezz
2026-01-09 00:09:16,539 - WARNING - [SKIP] @yeraymorote
2026-01-09 00:09:20,482 - WARNING - [SKIP] @ylenia_lopzz
2026-01-09 00:09:25,447 - WARNING - [SKIP] @yourfavgoth19
2026-01-09 00:09:29,340 - WARNING - [SKIP] @yuddeiisyy
2026-01-09 00:09:35,989 - WARNING - [SKIP] @yuliamzk
2026-01-09 00:09:39,820 - WARNING - [SKIP] @zaraasntna
2026-01-09 00:09:45,878 - WARNING - [SKIP] @zofiamodej
2026-01-09 00:09:48,977 - INFO - 
2026-01-09 00:09:53,091 - INFO - [NEXT] Siguiente pagina
2026-01-09 00:09:53,091 - INFO - 
============================================================
2026-01-09 00:09:53,092 - INFO - [PAGINA 30]
2026-01-09 00:09:53,092 - INFO - ============================================================
2026-01-09 00:09:53,159 - INFO - [OK] 10 usuarios encontrados
2026-01-09 00:09:56,857 - WARNING - [SKIP] @xxanaxx_b.h_
2026-01-09 00:10:03,066 - WARNING - [SKIP] @yaaizza__
2026-01-09 00:10:06,965 - WARNING - [SKIP] @yaamirodrigueezz
2026-01-09 00:10:10,777 - WARNING - [SKIP] @yeraymorote
2026-01-09 00:10:16,652 - WARNING - [SKIP] @ylenia_lopzz
2026-01-09 00:10:21,901 - WARNING - [SKIP] @yourfavgoth19
2026-01-09 00:10:27,109 - WARNING - [SKIP] @yuddeiisyy
2026-01-09 00:10:32,254 - WARNING - [SKIP] @yuliamzk
2026-01-09 00:10:38,642 - WARNING - [SKIP] @zaraasntna
2026-01-09 00:10:42,086 - WARNING - [SKIP] @zofiamodej
2026-01-09 00:10:43,665 - INFO - 
2026-01-09 00:10:49,064 - INFO - [NEXT] Siguiente pagina
2026-01-09 00:10:49,065 - INFO - 
============================================================
2026-01-09 00:10:49,065 - INFO - [PAGINA 31]
2026-01-09 00:10:49,065 - INFO - ============================================================
2026-01-09 00:10:49,131 - INFO - [OK] 10 usuarios encontrados
2026-01-09 00:10:52,818 - WARNING - [SKIP] @xxanaxx_b.h_
2026-01-09 00:10:58,794 - WARNING - [SKIP] @yaaizza__
2026-01-09 00:11:05,163 - WARNING - [SKIP] @yaamirodrigueezz
2026-01-09 00:11:10,181 - WARNING - [SKIP] @yeraymorote
2026-01-09 00:11:15,565 - WARNING - [SKIP] @ylenia_lopzz
2026-01-09 00:11:21,364 - WARNING - [SKIP] @yourfavgoth19
2026-01-09 00:11:26,514 - WARNING - [SKIP] @yuddeiisyy
2026-01-09 00:11:32,633 - WARNING - [SKIP] @yuliamzk
2026-01-09 00:11:37,926 - WARNING - [SKIP] @zaraasntna
2026-01-09 00:11:42,543 - WARNING - [SKIP] @zofiamodej
2026-01-09 00:11:45,200 - INFO - 
2026-01-09 00:11:50,259 - INFO - [NEXT] Siguiente pagina
2026-01-09 00:11:50,259 - INFO - 
============================================================
2026-01-09 00:11:50,260 - INFO - [PAGINA 32]
2026-01-09 00:11:50,260 - INFO - ============================================================
2026-01-09 00:11:50,325 - INFO - [OK] 10 usuarios encontrados
2026-01-09 00:11:53,756 - WARNING - [SKIP] @xxanaxx_b.h_
2026-01-09 00:11:57,825 - WARNING - [SKIP] @yaaizza__
2026-01-09 00:12:02,969 - WARNING - [SKIP] @yaamirodrigueezz
2026-01-09 00:12:07,422 - WARNING - [SKIP] @yeraymorote
2026-01-09 00:12:11,326 - WARNING - [SKIP] @ylenia_lopzz
2026-01-09 00:12:14,610 - WARNING - [SKIP] @yourfavgoth19
2026-01-09 00:12:19,855 - WARNING - [SKIP] @yuddeiisyy
2026-01-09 00:12:23,713 - WARNING - [SKIP] @yuliamzk
2026-01-09 00:12:29,162 - WARNING - [SKIP] @zaraasntna
2026-01-09 00:12:33,187 - WARNING - [SKIP] @zofiamodej
2026-01-09 00:12:34,439 - INFO - 
2026-01-09 00:12:37,971 - INFO - Navegador ya estaba cerrado
2026-01-09 00:12:37,972 - INFO - 
============================================================
2026-01-09 00:12:37,973 - INFO - [ESTADISTICAS]
2026-01-09 00:12:37,973 - INFO - ============================================================
2026-01-09 00:12:37,973 - INFO - Paginas procesadas: 32
2026-01-09 00:12:37,973 - INFO - Total usuarios: 422
2026-01-09 00:12:37,973 - INFO - Desfollowados: 292
2026-01-09 00:12:37,974 - INFO - Fallos: 130
2026-01-09 00:12:37,974 - INFO - ============================================================

2026-01-09 00:17:57,619 - INFO - [OK] Navegador iniciado
2026-01-09 00:17:59,650 - INFO - 
============================================================
2026-01-09 00:17:59,650 - INFO - [ESPERANDO] BOOKMARKLET...
2026-01-09 00:17:59,650 - INFO - ============================================================
2026-01-09 00:17:59,651 - INFO - 
EN LA MISMA VENTANA DE CHROME:
2026-01-09 00:17:59,651 - INFO - 1. Ve a tu Perfil -> Siguiendo
2026-01-09 00:17:59,651 - INFO - 2. Ejecuta el bookmarklet 'Enhanced Instagram Unfollowers'
2026-01-09 00:17:59,651 - INFO - 3. El script continuara automaticamente

2026-01-09 00:18:36,905 - INFO - [OK] Bookmarklet detectado!
2026-01-09 00:18:39,319 - INFO - [OK] Cuenta pequena detectada (sin progressbar). Iniciando desfollow...

2026-01-09 00:18:39,319 - INFO - 
============================================================
2026-01-09 00:18:39,319 - INFO - [PAGINA 1]
2026-01-09 00:18:39,319 - INFO - ============================================================
2026-01-09 00:18:39,398 - INFO - [OK] 12 usuarios encontrados
2026-01-09 00:18:50,400 - INFO - [OK] @badbunnypr
2026-01-09 00:19:04,409 - INFO - [OK] @cris_emejota
2026-01-09 00:19:16,983 - INFO - [OK] @dulcinea.medellin
2026-01-09 00:19:29,702 - INFO - [OK] @elchantyy
2026-01-09 00:19:41,516 - INFO - [OK] @jesusortizpazfr
2026-01-09 00:19:53,556 - INFO - [OK] @krisrofficial
2026-01-09 00:20:06,687 - INFO - [OK] @lonchedehuevito_
2026-01-09 00:20:19,485 - INFO - [OK] @luisdiaz19_
2026-01-09 00:20:32,056 - INFO - [OK] @milica_yb
2026-01-09 00:20:46,240 - INFO - [OK] @rasiel_reyes
2026-01-09 00:20:58,228 - INFO - [OK] @samulx_
2026-01-09 00:21:10,781 - INFO - [OK] @xpesque
2026-01-09 00:21:13,250 - INFO - 
2026-01-09 00:21:16,674 - INFO - [NEXT] Siguiente pagina
2026-01-09 00:21:16,674 - INFO - 
============================================================
2026-01-09 00:21:16,674 - INFO - [PAGINA 2]
2026-01-09 00:21:16,674 - INFO - ============================================================
2026-01-09 00:21:16,746 - INFO - [OK] 12 usuarios encontrados
2026-01-09 00:21:19,119 - WARNING - [SKIP] @badbunnypr
2026-01-09 00:21:23,334 - INFO - Navegador ya estaba cerrado
2026-01-09 00:21:23,337 - INFO - 
============================================================
2026-01-09 00:21:23,338 - INFO - [ESTADISTICAS]
2026-01-09 00:21:23,339 - INFO - ============================================================
2026-01-09 00:21:23,340 - INFO - Paginas procesadas: 2
2026-01-09 00:21:23,341 - INFO - Total usuarios: 14
2026-01-09 00:21:23,341 - INFO - Desfollowados: 12
2026-01-09 00:21:23,341 - INFO - Fallos: 1
2026-01-09 00:21:23,342 - INFO - ============================================================

2026-01-09 00:23:51,697 - INFO - [OK] Navegador iniciado
2026-01-09 00:23:54,081 - INFO - 
============================================================
2026-01-09 00:23:54,081 - INFO - [ESPERANDO] BOOKMARKLET...
2026-01-09 00:23:54,082 - INFO - ============================================================
2026-01-09 00:23:54,082 - INFO - 
EN LA MISMA VENTANA DE CHROME:
2026-01-09 00:23:54,082 - INFO - 1. Ve a tu Perfil -> Siguiendo
2026-01-09 00:23:54,082 - INFO - 2. Ejecuta el bookmarklet 'Enhanced Instagram Unfollowers'
2026-01-09 00:23:54,082 - INFO - 3. El script continuara automaticamente

2026-01-09 00:24:33,822 - INFO - [OK] Bookmarklet detectado!
2026-01-09 00:24:36,007 - INFO - [OK] Cuenta pequena detectada (sin progressbar). Iniciando desfollow...

2026-01-09 00:24:36,007 - INFO - 
============================================================
2026-01-09 00:24:36,008 - INFO - [PAGINA 1]
2026-01-09 00:24:36,008 - INFO - ============================================================
2026-01-09 00:24:36,052 - INFO - [OK] 6 usuarios encontrados
2026-01-09 00:24:50,786 - INFO - [OK] @adinross
2026-01-09 00:25:03,292 - INFO - [OK] @alanafloresf
2026-01-09 00:25:14,884 - INFO - [OK] @duki
2026-01-09 00:25:25,325 - INFO - [OK] @elhigh
2026-01-09 00:25:39,092 - INFO - [OK] @nicolebta
2026-01-09 00:25:52,528 - INFO - [OK] @westcol
2026-01-09 00:25:55,932 - INFO - 
2026-01-09 00:25:55,943 - INFO - [END] Pagina 1/1 - Ultima pagina alcanzada
2026-01-09 00:25:56,134 - INFO - Navegador cerrado
2026-01-09 00:25:56,134 - INFO - 
============================================================
2026-01-09 00:25:56,134 - INFO - [ESTADISTICAS]
2026-01-09 00:25:56,135 - INFO - ============================================================
2026-01-09 00:25:56,135 - INFO - Paginas procesadas: 1
2026-01-09 00:25:56,135 - INFO - Total usuarios: 6
2026-01-09 00:25:56,135 - INFO - Desfollowados: 6
2026-01-09 00:25:56,135 - INFO - Fallos: 0
2026-01-09 00:25:56,135 - INFO - ============================================================

2026-01-09 01:47:37,528 - INFO - [OK] Navegador iniciado
2026-01-09 01:47:39,868 - INFO - 
============================================================
2026-01-09 01:47:39,868 - INFO - [ESPERANDO] BOOKMARKLET...
2026-01-09 01:47:39,869 - INFO - ============================================================
2026-01-09 01:47:39,869 - INFO - 
EN LA MISMA VENTANA DE CHROME:
2026-01-09 01:47:39,869 - INFO - 1. Ve a tu Perfil -> Siguiendo
2026-01-09 01:47:39,869 - INFO - 2. Ejecuta el bookmarklet 'Enhanced Instagram Unfollowers'
2026-01-09 01:47:39,869 - INFO - 3. El script continuara automaticamente

2026-01-09 01:49:08,292 - INFO - [OK] Bookmarklet detectado!
2026-01-09 01:49:11,000 - INFO - [LOADING] Esperando a que termine de cargar usuarios...
2026-01-09 01:49:12,035 - INFO - [PROGRESS] Cargando... 5%
2026-01-09 01:49:16,106 - INFO - [PROGRESS] Cargando... 10%
2026-01-09 01:49:31,385 - INFO - [PROGRESS] Cargando... 15%
2026-01-09 01:49:50,764 - INFO - [PROGRESS] Cargando... 25%
2026-01-09 01:50:05,995 - INFO - [PROGRESS] Cargando... 30%
2026-01-09 01:50:12,103 - INFO - [PROGRESS] Cargando... 35%
2026-01-09 01:50:26,338 - INFO - [PROGRESS] Cargando... 40%
2026-01-09 01:50:32,445 - INFO - [PROGRESS] Cargando... 45%
2026-01-09 01:50:51,797 - INFO - [PROGRESS] Cargando... 55%
2026-01-09 01:51:08,093 - INFO - [PROGRESS] Cargando... 60%
2026-01-09 01:51:28,462 - INFO - [PROGRESS] Cargando... 70%
2026-01-09 01:51:33,560 - INFO - [PROGRESS] Cargando... 75%
2026-01-09 01:51:53,926 - INFO - [PROGRESS] Cargando... 85%
2026-01-09 01:52:11,230 - INFO - [PROGRESS] Cargando... 90%
2026-01-09 01:52:28,528 - INFO - [OK] Carga completa! Iniciando desfollow...

2026-01-09 01:52:29,781 - INFO - 
============================================================
2026-01-09 01:52:29,781 - INFO - [PAGINA 1]
2026-01-09 01:52:29,781 - INFO - ============================================================
2026-01-09 01:52:29,877 - INFO - [OK] 16 usuarios encontrados
2026-01-09 01:52:37,381 - INFO - [OK] @_clauufdez
2026-01-09 01:52:48,601 - INFO - [OK] @_daanii_11.01
2026-01-09 01:53:00,611 - INFO - [OK] @_damyyx
2026-01-09 01:53:11,498 - INFO - [OK] @_iouipglez
2026-01-09 01:53:28,535 - INFO - [OK] @_jaaimeabalos_
2026-01-09 01:53:39,059 - INFO - [OK] @_justyourdoll_
2026-01-09 01:53:50,714 - INFO - [OK] @_kaaarmen_
2026-01-09 01:54:04,562 - INFO - [OK] @_maaartiiin__
2026-01-09 01:54:17,738 - INFO - [OK] @_maaiiderr__
2026-01-09 01:54:28,245 - INFO - [OK] @_maarwaamb
2026-01-09 01:54:38,648 - INFO - [OK] @_mariapiaal
2026-01-09 01:54:48,699 - INFO - [OK] @_mariibuenoo_
2026-01-09 01:54:59,940 - INFO - [OK] @_naiia.sst_
2026-01-09 01:55:11,770 - INFO - [OK] @_paspin
2026-01-09 01:55:24,943 - INFO - [OK] @_s3ergi
2026-01-09 01:55:35,388 - INFO - [OK] @_sabelamv
2026-01-09 01:55:39,090 - INFO - 
2026-01-09 01:55:39,102 - INFO - [PAGE] 1/7
2026-01-09 01:55:43,826 - INFO - [NEXT] Siguiente pagina
2026-01-09 01:55:43,826 - INFO - 
============================================================
2026-01-09 01:55:43,826 - INFO - [PAGINA 2]
2026-01-09 01:55:43,826 - INFO - ============================================================
2026-01-09 01:55:43,909 - INFO - [OK] 14 usuarios encontrados
2026-01-09 01:55:51,744 - INFO - [OK] @ariiabelloo
2026-01-09 01:56:01,795 - INFO - [OK] @arturocmps_00
2026-01-09 01:56:14,129 - INFO - [OK] @ashleyyybtw
2026-01-09 01:56:25,288 - INFO - [OK] @astruchita
2026-01-09 01:56:36,760 - INFO - [OK] @babe2real
2026-01-09 01:56:50,456 - INFO - [OK] @babycam_xo
2026-01-09 01:57:00,477 - INFO - [OK] @basementbabydoll
2026-01-09 01:57:11,464 - INFO - [OK] @bea_rivaas
2026-01-09 01:57:12,021 - WARNING - [SKIP] @bea_rivaas - No cambio a 'Seguir'
2026-01-09 01:57:14,867 - INFO - Navegador ya estaba cerrado
2026-01-09 01:57:14,868 - INFO - 
============================================================
2026-01-09 01:57:14,868 - INFO - [ESTADISTICAS]
2026-01-09 01:57:14,868 - INFO - ============================================================
2026-01-09 01:57:14,868 - INFO - Paginas procesadas: 2
2026-01-09 01:57:14,868 - INFO - Total usuarios: 24
2026-01-09 01:57:14,868 - INFO - Desfollowados: 23
2026-01-09 01:57:14,868 - INFO - Fallos: 1
2026-01-09 01:57:14,868 - INFO - ============================================================

2026-01-09 01:57:19,114 - INFO - [OK] Navegador iniciado
2026-01-09 01:57:22,033 - INFO - 
============================================================
2026-01-09 01:57:22,033 - INFO - [ESPERANDO] BOOKMARKLET...
2026-01-09 01:57:22,033 - INFO - ============================================================
2026-01-09 01:57:22,033 - INFO - 
EN LA MISMA VENTANA DE CHROME:
2026-01-09 01:57:22,034 - INFO - 1. Ve a tu Perfil -> Siguiendo
2026-01-09 01:57:22,034 - INFO - 2. Ejecuta el bookmarklet 'Enhanced Instagram Unfollowers'
2026-01-09 01:57:22,034 - INFO - 3. El script continuara automaticamente

2026-01-09 01:58:31,268 - INFO - [OK] Bookmarklet detectado!
2026-01-09 01:58:33,241 - INFO - [LOADING] Esperando a que termine de cargar usuarios...
2026-01-09 01:58:40,387 - INFO - [PROGRESS] Cargando... 10%
2026-01-09 01:58:55,665 - INFO - [PROGRESS] Cargando... 15%
2026-01-09 01:59:15,021 - INFO - [PROGRESS] Cargando... 25%
2026-01-09 01:59:35,394 - INFO - [PROGRESS] Cargando... 35%
2026-01-09 01:59:50,666 - INFO - [PROGRESS] Cargando... 40%
2026-01-09 02:00:10,027 - INFO - [PROGRESS] Cargando... 50%
2026-01-09 02:00:16,144 - INFO - [PROGRESS] Cargando... 55%
2026-01-09 02:00:30,406 - INFO - [PROGRESS] Cargando... 60%
2026-01-09 02:00:35,483 - INFO - [PROGRESS] Cargando... 65%
2026-01-09 02:00:54,830 - INFO - [PROGRESS] Cargando... 75%
2026-01-09 02:01:10,097 - INFO - [PROGRESS] Cargando... 80%
2026-01-09 02:01:31,492 - INFO - [PROGRESS] Cargando... 90%
2026-01-09 02:01:49,833 - INFO - [OK] Carga completa! Iniciando desfollow...

2026-01-09 02:01:51,981 - INFO - 
============================================================
2026-01-09 02:01:51,981 - INFO - [PAGINA 1]
2026-01-09 02:01:51,981 - INFO - ============================================================
2026-01-09 02:01:53,702 - INFO - [OK] 25 usuarios encontrados
2026-01-09 02:02:01,480 - INFO - [OK] @_sergiiogomezz
2026-01-09 02:02:13,402 - INFO - [OK] @_sucraa_
2026-01-09 02:02:26,581 - INFO - [OK] @_vanessaorozco
2026-01-09 02:02:36,598 - INFO - [OK] @a.ngerz
2026-01-09 02:02:48,043 - INFO - [OK] @aadrianagoomez_
2026-01-09 02:02:58,657 - INFO - [OK] @aaiialaaa._
2026-01-09 02:03:09,475 - INFO - [OK] @aakkaa_eliisaa
2026-01-09 02:03:20,617 - INFO - [OK] @aaliiissss__
2026-01-09 02:03:30,601 - INFO - [OK] @abbymekno
2026-01-09 02:03:43,704 - INFO - [OK] @ageofkhar
2026-01-09 02:03:55,158 - INFO - [OK] @alexiaarodrigo
2026-01-09 02:04:05,508 - INFO - [OK] @almamonzani
2026-01-09 02:04:17,272 - INFO - [OK] @alvaroocalderon_
2026-01-09 02:04:30,611 - INFO - [OK] @ambii_mr
2026-01-09 02:04:41,180 - INFO - [OK] @ameetzz02
2026-01-09 02:04:56,067 - INFO - [OK] @amegosegarro_
2026-01-09 02:05:07,496 - INFO - [OK] @ana_chh06
2026-01-09 02:05:21,281 - INFO - [OK] @anclerz
2026-01-09 02:05:34,009 - INFO - [OK] @andrea_rodeo13
2026-01-09 02:05:44,833 - INFO - [OK] @andreaacastro_
2026-01-09 02:05:54,498 - INFO - [OK] @beelenmartin_
2026-01-09 02:06:06,354 - INFO - [OK] @camiperallta
2026-01-09 02:06:17,943 - INFO - [OK] @candeelagonzalez
2026-01-09 02:06:28,370 - INFO - [OK] @canndyperz
2026-01-09 02:06:41,478 - INFO - [OK] @carblancco
2026-01-09 02:06:45,057 - INFO - 
2026-01-09 02:06:45,068 - INFO - [PAGE] 1/7
2026-01-09 02:06:48,329 - INFO - [NEXT] Siguiente pagina
2026-01-09 02:06:48,330 - INFO - 
============================================================
2026-01-09 02:06:48,330 - INFO - [PAGINA 2]
2026-01-09 02:06:48,330 - INFO - ============================================================
2026-01-09 02:06:50,055 - INFO - [OK] 25 usuarios encontrados
2026-01-09 02:06:58,441 - INFO - [OK] @carlaaaxv
2026-01-09 02:07:08,161 - INFO - [OK] @carlaarcos_
2026-01-09 02:07:21,092 - INFO - [OK] @carlasanchoo
2026-01-09 02:07:34,891 - INFO - [OK] @carlos.devs
2026-01-09 02:07:45,026 - INFO - [OK] @carlosbenavent_
2026-01-09 02:07:57,244 - INFO - [OK] @carlosdiaz200
2026-01-09 02:08:08,448 - INFO - [OK] @clauroo_
2026-01-09 02:08:19,420 - INFO - [OK] @cllauut0
2026-01-09 02:08:29,321 - INFO - [OK] @clowngrill
2026-01-09 02:08:41,785 - INFO - [OK] @corenayara
2026-01-09 02:08:54,530 - INFO - [OK] @criistiann.fc
2026-01-09 02:09:06,022 - INFO - [OK] @cristallserranoo
2026-01-09 02:09:17,467 - INFO - [OK] @cristianguillen99
2026-01-09 02:09:28,070 - INFO - [OK] @crriisstin4
2026-01-09 02:09:38,006 - INFO - [OK] @cybernene2073
2026-01-09 02:09:49,893 - INFO - [OK] @d0llyzk
2026-01-09 02:10:01,888 - INFO - [OK] @eliidettt
2026-01-09 02:10:12,875 - INFO - [OK] @eliisaa__09
2026-01-09 02:10:22,950 - INFO - [OK] @eliizaabeeth25_
2026-01-09 02:10:34,118 - INFO - [OK] @emalope.zzz
2026-01-09 02:10:45,098 - INFO - [OK] @emedemarco
2026-01-09 02:10:55,948 - INFO - [OK] @emiliacreighton
2026-01-09 02:11:07,050 - INFO - [OK] @emmaaagr
2026-01-09 02:11:16,447 - INFO - [OK] @encebolladosinpescado
2026-01-09 02:11:28,097 - INFO - [OK] @ender.st_0
2026-01-09 02:11:30,489 - INFO - 
2026-01-09 02:11:30,500 - INFO - [PAGE] 2/7
2026-01-09 02:11:34,822 - INFO - [NEXT] Siguiente pagina
2026-01-09 02:11:34,822 - INFO - 
============================================================
2026-01-09 02:11:34,823 - INFO - [PAGINA 3]
2026-01-09 02:11:34,823 - INFO - ============================================================
2026-01-09 02:11:36,559 - INFO - [OK] 25 usuarios encontrados
2026-01-09 02:11:43,801 - INFO - [OK] @galalacarajita
2026-01-09 02:11:55,141 - INFO - [OK] @gginnnie
2026-01-09 02:12:06,884 - INFO - [OK] @gissell_x12
2026-01-09 02:12:19,274 - INFO - [OK] @giucolacitti
2026-01-09 02:12:31,474 - INFO - [OK] @gottaluvsar4
2026-01-09 02:12:41,854 - INFO - [OK] @grntsn_
2026-01-09 02:12:52,622 - INFO - [OK] @h3avenb0und
2026-01-09 02:13:04,991 - INFO - [OK] @h4ckavis
2026-01-09 02:13:17,869 - INFO - [OK] @haissffmann
2026-01-09 02:13:31,319 - INFO - [OK] @inesirazustaa
2026-01-09 02:13:43,559 - INFO - [OK] @inma_navarro17
2026-01-09 02:13:52,198 - INFO - [OK] @iraiask8
2026-01-09 02:14:02,586 - INFO - [OK] @irenezuazua
2026-01-09 02:14:13,832 - INFO - [OK] @irisjaara
2026-01-09 02:14:25,363 - INFO - [OK] @irissann_
2026-01-09 02:14:36,043 - INFO - [OK] @iruneng
2026-01-09 02:14:46,340 - INFO - [OK] @isabel_garcia1515
2026-01-09 02:14:56,109 - INFO - [OK] @isapetrone__
2026-01-09 02:15:06,205 - INFO - [OK] @juliamc_111
2026-01-09 02:15:19,232 - INFO - [OK] @jxonn.97
2026-01-09 02:15:28,337 - INFO - [OK] @k14.48
2026-01-09 02:15:40,791 - INFO - [OK] @kabritabbrr
2026-01-09 02:15:53,183 - INFO - [OK] @kateydigi
2026-01-09 02:16:04,245 - INFO - [OK] @khaikatana
2026-01-09 02:16:14,557 - INFO - [OK] @killakassie666
2026-01-09 02:16:18,822 - INFO - 
2026-01-09 02:16:18,833 - INFO - [PAGE] 3/7
2026-01-09 02:16:24,505 - INFO - [NEXT] Siguiente pagina
2026-01-09 02:16:24,506 - INFO - 
============================================================
2026-01-09 02:16:24,506 - INFO - [PAGINA 4]
2026-01-09 02:16:24,506 - INFO - ============================================================
2026-01-09 02:16:26,250 - INFO - [OK] 25 usuarios encontrados
2026-01-09 02:16:35,111 - INFO - [OK] @kirbephine
2026-01-09 02:16:47,974 - INFO - [OK] @kriminalnadsat
2026-01-09 02:16:59,927 - INFO - [OK] @ladirtyblonde
2026-01-09 02:17:11,177 - INFO - [OK] @lavieencheri
2026-01-09 02:17:22,590 - INFO - [OK] @leilanii.wright
2026-01-09 02:17:32,402 - INFO - [OK] @leyre_santana
2026-01-09 02:17:43,325 - INFO - [OK] @leyreesaanchez
2026-01-09 02:17:53,576 - INFO - [OK] @lialaurenn_
2026-01-09 02:18:04,143 - INFO - [OK] @lidiamoreno._
2026-01-09 02:18:17,179 - INFO - [OK] @lildesastre
2026-01-09 02:18:27,569 - INFO - [OK] @llauxx.rp_
2026-01-09 02:18:39,071 - INFO - [OK] @lobbardini
2026-01-09 02:18:49,978 - INFO - [OK] @m4riusk4sss
2026-01-09 02:19:01,771 - INFO - [OK] @maarblade
2026-01-09 02:19:15,023 - INFO - [OK] @maddibastee
2026-01-09 02:19:26,596 - INFO - [OK] @maddytooth_
2026-01-09 02:19:36,018 - INFO - [OK] @maiderodriguezz
2026-01-09 02:19:46,175 - INFO - [OK] @malamuje
2026-01-09 02:19:56,287 - INFO - [OK] @malenaabiigail_
2026-01-09 02:20:05,046 - INFO - [OK] @malenallel
2026-01-09 02:20:18,025 - INFO - [OK] @mariaavillamor
2026-01-09 02:20:28,981 - INFO - [OK] @mia.gmattio
2026-01-09 02:20:38,686 - INFO - [OK] @mialolaax
2026-01-09 02:20:51,260 - INFO - [OK] @micaargiz__
2026-01-09 02:21:01,392 - INFO - [OK] @micasampayoo
2026-01-09 02:21:05,264 - INFO - 
2026-01-09 02:21:05,275 - INFO - [PAGE] 4/7
2026-01-09 02:21:10,534 - INFO - [NEXT] Siguiente pagina
2026-01-09 02:21:10,534 - INFO - 
============================================================
2026-01-09 02:21:10,534 - INFO - [PAGINA 5]
2026-01-09 02:21:10,534 - INFO - ============================================================
2026-01-09 02:21:12,262 - INFO - [OK] 25 usuarios encontrados
2026-01-09 02:21:18,420 - INFO - [OK] @micelcardens
2026-01-09 02:21:29,181 - INFO - [OK] @miiselamiigo
2026-01-09 02:21:41,721 - INFO - [OK] @mikaaa._3
2026-01-09 02:21:51,803 - INFO - [OK] @mikeonashi
2026-01-09 02:22:01,691 - INFO - [OK] @naiacarballo_
2026-01-09 02:22:14,401 - INFO - [OK] @nao_nqra
2026-01-09 02:22:26,096 - INFO - [OK] @natalia_gtt
2026-01-09 02:22:39,061 - INFO - [OK] @nataliacorrales16
2026-01-09 02:22:50,254 - INFO - [OK] @natalialyy_
2026-01-09 02:23:00,737 - INFO - [OK] @navajjer4
2026-01-09 02:23:10,394 - INFO - [OK] @nayarasaantnaa
2026-01-09 02:23:19,506 - INFO - [OK] @nereaalvarezz_
2026-01-09 02:23:30,337 - INFO - [OK] @nereilla_10
2026-01-09 02:23:42,851 - INFO - [OK] @nerodarcia
2026-01-09 02:23:53,858 - INFO - [OK] @patriciaa._08
2026-01-09 02:24:06,521 - INFO - [OK] @patryrdgz
2026-01-09 02:24:17,872 - INFO - [OK] @paula.fiores
2026-01-09 02:24:29,541 - INFO - [OK] @paula.monnet
2026-01-09 02:24:39,749 - INFO - [OK] @paulacoal
2026-01-09 02:24:51,478 - INFO - [OK] @pawwwwwwwwwwwwwwwwwwww
2026-01-09 02:24:57,434 - WARNING - [SKIP] @pedernalista
2026-01-09 02:25:06,417 - INFO - [OK] @ptpchik
2026-01-09 02:25:16,510 - INFO - [OK] @puresoftie
2026-01-09 02:25:26,430 - INFO - [OK] @queensteph.xo
2026-01-09 02:25:37,643 - INFO - [OK] @sara.piattelli
2026-01-09 02:25:41,426 - INFO - 
2026-01-09 02:25:41,436 - INFO - [PAGE] 5/7
2026-01-09 02:25:45,804 - INFO - [NEXT] Siguiente pagina
2026-01-09 02:25:45,805 - INFO - 
============================================================
2026-01-09 02:25:45,805 - INFO - [PAGINA 6]
2026-01-09 02:25:45,805 - INFO - ============================================================
2026-01-09 02:25:47,528 - INFO - [OK] 25 usuarios encontrados
2026-01-09 02:25:54,957 - INFO - [OK] @saraacortees
2026-01-09 02:26:07,097 - INFO - [OK] @saraavidall
2026-01-09 02:26:16,311 - INFO - [OK] @saraavillar__
2026-01-09 02:26:26,685 - INFO - [OK] @saranf7
2026-01-09 02:26:38,498 - INFO - [OK] @saravizcaiino
2026-01-09 02:26:48,164 - INFO - [OK] @sarayfernandezs
2026-01-09 02:26:59,866 - INFO - [OK] @sarayyaras_
2026-01-09 02:27:10,765 - INFO - [OK] @sarrrcosss
2026-01-09 02:27:21,296 - INFO - [OK] @srvmac
2026-01-09 02:27:34,520 - INFO - [OK] @ssaletaa
2026-01-09 02:27:45,573 - INFO - [OK] @ssofia.15_
2026-01-09 02:27:56,085 - INFO - [OK] @ssophiacgo
2026-01-09 02:28:07,481 - INFO - [OK] @ssupliany
2026-01-09 02:28:18,355 - INFO - [OK] @stibaly.scr
2026-01-09 02:28:30,016 - INFO - [OK] @stressedoutnana_
2026-01-09 02:28:41,068 - INFO - [OK] @taaatiglez
2026-01-09 02:28:52,610 - INFO - [OK] @tadeo_gon10
2026-01-09 02:29:03,507 - INFO - [OK] @veroonicaa.02
2026-01-09 02:29:16,526 - INFO - [OK] @victoriazegg
2026-01-09 02:29:30,776 - INFO - [OK] @violetitangel
2026-01-09 02:29:41,126 - INFO - [OK] @vngelbaby
2026-01-09 02:29:51,878 - INFO - [OK] @whocares22872
2026-01-09 02:30:02,049 - INFO - [OK] @xanaalp
2026-01-09 02:30:12,340 - INFO - [OK] @xobita
2026-01-09 02:30:23,382 - INFO - [OK] @xoxabstract
2026-01-09 02:30:26,232 - INFO - 
2026-01-09 02:30:26,242 - INFO - [PAGE] 6/7
2026-01-09 02:30:29,993 - INFO - [NEXT] Siguiente pagina
2026-01-09 02:30:29,994 - INFO - 
============================================================
2026-01-09 02:30:29,994 - INFO - [PAGINA 7]
2026-01-09 02:30:29,994 - INFO - ============================================================
2026-01-09 02:30:31,564 - INFO - [OK] 1 usuarios encontrados
2026-01-09 02:30:41,981 - INFO - [OK] @xx4so_
2026-01-09 02:30:45,835 - INFO - 
2026-01-09 02:30:45,844 - INFO - [END] Pagina 7/7 - Ultima pagina alcanzada
2026-01-09 02:30:46,077 - INFO - Navegador cerrado
2026-01-09 02:30:46,077 - INFO - 
============================================================
2026-01-09 02:30:46,077 - INFO - [ESTADISTICAS]
2026-01-09 02:30:46,078 - INFO - ============================================================
2026-01-09 02:30:46,078 - INFO - Paginas procesadas: 7
2026-01-09 02:30:46,078 - INFO - Total usuarios: 151
2026-01-09 02:30:46,078 - INFO - Desfollowados: 150
2026-01-09 02:30:46,078 - INFO - Fallos: 1
2026-01-09 02:30:46,079 - INFO - ============================================================

